<?xml version="1.0" encoding="utf-8"?><testsuites name="pytest tests"><testsuite name="pytest" errors="0" failures="0" skipped="0" tests="16" time="2.043" timestamp="2026-05-19T10:49:13.782334+00:00" hostname="agent-env-b57bc551-3c1a-4240-9c60-c54d0ff370ae"><testcase classname="backend.tests.test_travelreview_api" name="test_countries" time="0.171" /><testcase classname="backend.tests.test_travelreview_api" name="test_italy_cities" time="0.053" /><testcase classname="backend.tests.test_travelreview_api" name="test_rome_places_and_filter" time="0.109" /><testcase classname="backend.tests.test_travelreview_api" name="test_place_detail" time="0.050" /><testcase classname="backend.tests.test_travelreview_api" name="test_search" time="0.054" /><testcase classname="backend.tests.test_travelreview_api" name="test_register_new" time="0.283" /><testcase classname="backend.tests.test_travelreview_api" name="test_register_duplicate" time="0.052" /><testcase classname="backend.tests.test_travelreview_api" name="test_login_ok_and_wrong" time="0.551" /><testcase classname="backend.tests.test_travelreview_api" name="test_me_with_and_without_token" time="0.094" /><testcase classname="backend.tests.test_travelreview_api" name="test_kyc_flips_verified" time="0.046" /><testcase classname="backend.tests.test_travelreview_api" name="test_google_session_bogus_401" time="0.129" /><testcase classname="backend.tests.test_travelreview_api" name="test_create_review_updates_aggregates" time="0.145" /><testcase classname="backend.tests.test_travelreview_api" name="test_place_reviews_enriched" time="0.050" /><testcase classname="backend.tests.test_travelreview_api" name="test_helpful_toggle" time="0.095" /><testcase classname="backend.tests.test_travelreview_api" name="test_my_reviews" time="0.050" /><testcase classname="backend.tests.test_travelreview_api" name="test_logout" time="0.047" /></testsuite></testsuites>